[00:03:16] [main/INFO]: Loading Minecraft 1.20.1 with Fabric Loader 0.16.10
[00:03:16] [main/INFO]: Loading 4 mods:
	- fabricloader 0.16.10
	   \-- mixinextras 0.4.1
	- java 17
	- minecraft 1.20.1
[00:03:16] [main/INFO]: SpongePowered MIXIN Subsystem Version=0.8.7 Source=file:/workspaces/mincra-serv/servidor_minecraft/libraries/net/fabricmc/sponge-mixin/0.15.4+mixin.0.8.7/sponge-mixin-0.15.4+mixin.0.8.7.jar Service=Knot/Fabric Env=SERVER
[00:03:21] [main/INFO]: Environment: authHost='https://authserver.mojang.com', accountsHost='https://api.mojang.com', sessionHost='https://sessionserver.mojang.com', servicesHost='https://api.minecraftservices.com', name='PROD'
[00:03:23] [main/INFO]: Loaded 7 recipes
[00:03:23] [main/INFO]: Loaded 1271 advancements
[00:03:24] [Server thread/INFO]: Starting minecraft server version 1.20.1
[00:03:24] [Server thread/INFO]: Loading properties
[00:03:24] [Server thread/INFO]: Default game type: SURVIVAL
[00:03:24] [Server thread/INFO]: Generating keypair
[00:03:24] [Server thread/INFO]: Starting Minecraft server on *:25565
[00:03:24] [Server thread/INFO]: Using epoll channel type
[00:03:24] [Server thread/WARN]: **** SERVER IS RUNNING IN OFFLINE/INSECURE MODE!
[00:03:24] [Server thread/WARN]: The server will make no attempt to authenticate usernames. Beware.
[00:03:24] [Server thread/WARN]: While this makes the game possible to play without internet access, it also opens up the ability for hackers to connect with any username they choose.
[00:03:24] [Server thread/WARN]: To change this, set "online-mode" to "true" in the server.properties file.
[00:03:24] [Server thread/INFO]: Preparing level "world"
[00:03:30] [Server thread/INFO]: Preparing start region for dimension minecraft:overworld
[00:03:30] [Worker-Main-3/INFO]: Preparing spawn area: 0%
[00:03:30] [Worker-Main-3/INFO]: Preparing spawn area: 0%
[00:03:31] [Worker-Main-1/INFO]: Preparing spawn area: 0%
[00:03:31] [Worker-Main-1/INFO]: Preparing spawn area: 0%
[00:03:32] [Worker-Main-3/INFO]: Preparing spawn area: 0%
[00:03:32] [Worker-Main-1/INFO]: Preparing spawn area: 1%
[00:03:33] [Worker-Main-3/INFO]: Preparing spawn area: 1%
[00:03:33] [Worker-Main-2/INFO]: Preparing spawn area: 2%
[00:03:34] [Worker-Main-3/INFO]: Preparing spawn area: 3%
[00:03:34] [Worker-Main-1/INFO]: Preparing spawn area: 5%
[00:03:35] [Worker-Main-3/INFO]: Preparing spawn area: 6%
[00:03:35] [Worker-Main-1/INFO]: Preparing spawn area: 9%
[00:03:36] [Worker-Main-3/INFO]: Preparing spawn area: 10%
[00:03:36] [Worker-Main-1/INFO]: Preparing spawn area: 12%
[00:03:37] [Worker-Main-1/INFO]: Preparing spawn area: 14%
[00:03:37] [Worker-Main-3/INFO]: Preparing spawn area: 16%
[00:03:38] [Worker-Main-2/INFO]: Preparing spawn area: 17%
[00:03:38] [Worker-Main-3/INFO]: Preparing spawn area: 20%
[00:03:39] [Worker-Main-1/INFO]: Preparing spawn area: 23%
[00:03:39] [Worker-Main-1/INFO]: Preparing spawn area: 25%
[00:03:40] [Worker-Main-2/INFO]: Preparing spawn area: 28%
[00:03:40] [Worker-Main-1/INFO]: Preparing spawn area: 31%
[00:03:41] [Worker-Main-1/INFO]: Preparing spawn area: 33%
[00:03:41] [Worker-Main-1/INFO]: Preparing spawn area: 37%
[00:03:42] [Worker-Main-1/INFO]: Preparing spawn area: 40%
[00:03:42] [Worker-Main-3/INFO]: Preparing spawn area: 43%
[00:03:43] [Worker-Main-2/INFO]: Preparing spawn area: 45%
[00:03:43] [Worker-Main-2/INFO]: Preparing spawn area: 48%
[00:03:44] [Worker-Main-1/INFO]: Preparing spawn area: 51%
[00:03:44] [Worker-Main-3/INFO]: Preparing spawn area: 54%
[00:03:45] [Worker-Main-1/INFO]: Preparing spawn area: 56%
[00:03:45] [Worker-Main-1/INFO]: Preparing spawn area: 58%
[00:03:46] [Worker-Main-2/INFO]: Preparing spawn area: 62%
[00:03:46] [Worker-Main-2/INFO]: Preparing spawn area: 66%
[00:03:47] [Worker-Main-2/INFO]: Preparing spawn area: 68%
[00:03:47] [Worker-Main-2/INFO]: Preparing spawn area: 71%
[00:03:48] [Worker-Main-2/INFO]: Preparing spawn area: 73%
[00:03:48] [Worker-Main-1/INFO]: Preparing spawn area: 76%
[00:03:49] [Worker-Main-1/INFO]: Preparing spawn area: 80%
[00:03:49] [Worker-Main-2/INFO]: Preparing spawn area: 83%
[00:03:50] [Worker-Main-3/INFO]: Preparing spawn area: 85%
[00:03:50] [Worker-Main-3/INFO]: Preparing spawn area: 87%
[00:03:51] [Worker-Main-3/INFO]: Preparing spawn area: 90%
[00:03:51] [Worker-Main-1/INFO]: Preparing spawn area: 93%
[00:03:52] [Worker-Main-3/INFO]: Preparing spawn area: 97%
[00:03:52] [Server thread/INFO]: Time elapsed: 22307 ms
[00:03:52] [Server thread/INFO]: Done (28.030s)! For help, type "help"
[00:05:07] [Server thread/INFO]: Stopping the server
[00:05:07] [Server thread/INFO]: Stopping server
[00:05:07] [Server thread/INFO]: Saving players
[00:05:07] [Server thread/INFO]: Saving worlds
[00:05:08] [Server thread/INFO]: Saving chunks for level 'ServerLevel[world]'/minecraft:overworld
[00:05:10] [Server thread/INFO]: Saving chunks for level 'ServerLevel[world]'/minecraft:the_end
[00:05:10] [Server thread/INFO]: Saving chunks for level 'ServerLevel[world]'/minecraft:the_nether
[00:05:10] [Server thread/INFO]: ThreadedAnvilChunkStorage (world): All chunks are saved
[00:05:10] [Server thread/INFO]: ThreadedAnvilChunkStorage (DIM1): All chunks are saved
[00:05:10] [Server thread/INFO]: ThreadedAnvilChunkStorage (DIM-1): All chunks are saved
[00:05:10] [Server thread/INFO]: ThreadedAnvilChunkStorage: All dimensions are saved
